<?xml version="1.0" encoding="UTF-8"?>
<coverage generated="1681853790875" clover="3.2.0">
  <project timestamp="1681853790875" name="All files">
    <metrics statements="51" coveredstatements="21" conditionals="0" coveredconditionals="0" methods="15" coveredmethods="4" elements="66" coveredelements="25" complexity="0" loc="51" ncloc="51" packages="3" files="8" classes="8"/>
    <package name="src">
      <metrics statements="19" coveredstatements="9" conditionals="0" coveredconditionals="0" methods="4" coveredmethods="3"/>
      <file name="app.controller.ts" path="C:\CODERHOUSE\CODERHOUSE2\32195_BACKEND\DESAFIOS\Backend_coderhouse\DESAFIO19_Reformar_para_usar_otro_framework_Nest\src\app.controller.ts">
        <metrics statements="6" coveredstatements="6" conditionals="0" coveredconditionals="0" methods="2" coveredmethods="2"/>
        <line num="1" count="1" type="stmt"/>
        <line num="2" count="1" type="stmt"/>
        <line num="5" count="1" type="stmt"/>
        <line num="6" count="1" type="stmt"/>
        <line num="9" count="1" type="stmt"/>
        <line num="10" count="1" type="stmt"/>
      </file>
      <file name="app.module.ts" path="C:\CODERHOUSE\CODERHOUSE2\32195_BACKEND\DESAFIOS\Backend_coderhouse\DESAFIO19_Reformar_para_usar_otro_framework_Nest\src\app.module.ts">
        <metrics statements="5" coveredstatements="0" conditionals="0" coveredconditionals="0" methods="0" coveredmethods="0"/>
        <line num="1" count="0" type="stmt"/>
        <line num="2" count="0" type="stmt"/>
        <line num="3" count="0" type="stmt"/>
        <line num="4" count="0" type="stmt"/>
        <line num="11" count="0" type="stmt"/>
      </file>
      <file name="app.service.ts" path="C:\CODERHOUSE\CODERHOUSE2\32195_BACKEND\DESAFIOS\Backend_coderhouse\DESAFIO19_Reformar_para_usar_otro_framework_Nest\src\app.service.ts">
        <metrics statements="3" coveredstatements="3" conditionals="0" coveredconditionals="0" methods="1" coveredmethods="1"/>
        <line num="1" count="1" type="stmt"/>
        <line num="4" count="1" type="stmt"/>
        <line num="6" count="1" type="stmt"/>
      </file>
      <file name="main.ts" path="C:\CODERHOUSE\CODERHOUSE2\32195_BACKEND\DESAFIOS\Backend_coderhouse\DESAFIO19_Reformar_para_usar_otro_framework_Nest\src\main.ts">
        <metrics statements="5" coveredstatements="0" conditionals="0" coveredconditionals="0" methods="1" coveredmethods="0"/>
        <line num="1" count="0" type="stmt"/>
        <line num="2" count="0" type="stmt"/>
        <line num="5" count="0" type="stmt"/>
        <line num="6" count="0" type="stmt"/>
        <line num="8" count="0" type="stmt"/>
      </file>
    </package>
    <package name="src.productos">
      <metrics statements="31" coveredstatements="11" conditionals="0" coveredconditionals="0" methods="11" coveredmethods="1"/>
      <file name="productos.controller.ts" path="C:\CODERHOUSE\CODERHOUSE2\32195_BACKEND\DESAFIOS\Backend_coderhouse\DESAFIO19_Reformar_para_usar_otro_framework_Nest\src\productos\productos.controller.ts">
        <metrics statements="13" coveredstatements="8" conditionals="0" coveredconditionals="0" methods="5" coveredmethods="0"/>
        <line num="1" count="1" type="stmt"/>
        <line num="2" count="1" type="stmt"/>
        <line num="4" count="1" type="stmt"/>
        <line num="7" count="1" type="stmt"/>
        <line num="10" count="0" type="stmt"/>
        <line num="13" count="1" type="stmt"/>
        <line num="15" count="0" type="stmt"/>
        <line num="19" count="1" type="stmt"/>
        <line num="20" count="0" type="stmt"/>
        <line num="24" count="1" type="stmt"/>
        <line num="25" count="0" type="stmt"/>
        <line num="31" count="1" type="stmt"/>
        <line num="32" count="0" type="stmt"/>
      </file>
      <file name="productos.module.ts" path="C:\CODERHOUSE\CODERHOUSE2\32195_BACKEND\DESAFIOS\Backend_coderhouse\DESAFIO19_Reformar_para_usar_otro_framework_Nest\src\productos\productos.module.ts">
        <metrics statements="4" coveredstatements="0" conditionals="0" coveredconditionals="0" methods="0" coveredmethods="0"/>
        <line num="1" count="0" type="stmt"/>
        <line num="2" count="0" type="stmt"/>
        <line num="3" count="0" type="stmt"/>
        <line num="9" count="0" type="stmt"/>
      </file>
      <file name="productos.service.ts" path="C:\CODERHOUSE\CODERHOUSE2\32195_BACKEND\DESAFIOS\Backend_coderhouse\DESAFIO19_Reformar_para_usar_otro_framework_Nest\src\productos\productos.service.ts">
        <metrics statements="14" coveredstatements="3" conditionals="0" coveredconditionals="0" methods="6" coveredmethods="1"/>
        <line num="1" count="2" type="stmt"/>
        <line num="5" count="2" type="stmt"/>
        <line num="10" count="1" type="stmt"/>
        <line num="15" count="0" type="stmt"/>
        <line num="20" count="0" type="stmt"/>
        <line num="21" count="0" type="stmt"/>
        <line num="22" count="0" type="stmt"/>
        <line num="26" count="0" type="stmt"/>
        <line num="27" count="0" type="stmt"/>
        <line num="28" count="0" type="stmt"/>
        <line num="37" count="0" type="stmt"/>
        <line num="40" count="0" type="stmt"/>
        <line num="42" count="0" type="stmt"/>
        <line num="44" count="0" type="stmt"/>
      </file>
    </package>
    <package name="src.productos.dto">
      <metrics statements="1" coveredstatements="1" conditionals="0" coveredconditionals="0" methods="0" coveredmethods="0"/>
      <file name="producto.dto.ts" path="C:\CODERHOUSE\CODERHOUSE2\32195_BACKEND\DESAFIOS\Backend_coderhouse\DESAFIO19_Reformar_para_usar_otro_framework_Nest\src\productos\dto\producto.dto.ts">
        <metrics statements="1" coveredstatements="1" conditionals="0" coveredconditionals="0" methods="0" coveredmethods="0"/>
        <line num="2" count="2" type="stmt"/>
      </file>
    </package>
  </project>
</coverage>
