{"C:\\CODERHOUSE\\CODERHOUSE2\\32195_BACKEND\\DESAFIOS\\Backend_coderhouse\\DESAFIO19_Reformar_para_usar_otro_framework_Nest\\src\\app.controller.ts": {"path":"C:\\CODERHOUSE\\CODERHOUSE2\\32195_BACKEND\\DESAFIOS\\Backend_coderhouse\\DESAFIO19_Reformar_para_usar_otro_framework_Nest\\src\\app.controller.ts","statementMap":{"0":{"start":{"line":1,"column":0},"end":{"line":1,"column":49}},"1":{"start":{"line":2,"column":0},"end":{"line":2,"column":43}},"2":{"start":{"line":5,"column":0},"end":{"line":12,"column":null}},"3":{"start":{"line":6,"column":31},"end":{"line":6,"column":43}},"4":{"start":{"line":10,"column":4},"end":{"line":10,"column":38}},"5":{"start":{"line":9,"column":2},"end":{"line":11,"column":null}},"6":{"start":{"line":5,"column":13},"end":{"line":12,"column":null}},"7":{"start":{"line":5,"column":13},"end":{"line":5,"column":26}}},"fnMap":{"0":{"name":"(anonymous_2)","decl":{"start":{"line":6,"column":2},"end":{"line":6,"column":31}},"loc":{"start":{"line":6,"column":53},"end":{"line":6,"column":57}}},"1":{"name":"(anonymous_3)","decl":{"start":{"line":9,"column":2},"end":{"line":9,"column":10}},"loc":{"start":{"line":9,"column":10},"end":{"line":11,"column":3}}}},"branchMap":{},"s":{"0":1,"1":1,"2":1,"3":1,"4":1,"5":1,"6":1,"7":1},"f":{"0":1,"1":1},"b":{}}
,"C:\\CODERHOUSE\\CODERHOUSE2\\32195_BACKEND\\DESAFIOS\\Backend_coderhouse\\DESAFIO19_Reformar_para_usar_otro_framework_Nest\\src\\app.module.ts": {"path":"C:\\CODERHOUSE\\CODERHOUSE2\\32195_BACKEND\\DESAFIOS\\Backend_coderhouse\\DESAFIO19_Reformar_para_usar_otro_framework_Nest\\src\\app.module.ts","statementMap":{"0":{"start":{"line":1,"column":0},"end":{"line":1,"column":40}},"1":{"start":{"line":2,"column":0},"end":{"line":2,"column":49}},"2":{"start":{"line":3,"column":0},"end":{"line":3,"column":43}},"3":{"start":{"line":4,"column":0},"end":{"line":4,"column":63}},"4":{"start":{"line":11,"column":0},"end":{"line":11,"column":null}},"5":{"start":{"line":11,"column":13},"end":{"line":11,"column":null}},"6":{"start":{"line":11,"column":13},"end":{"line":11,"column":22}}},"fnMap":{},"branchMap":{},"s":{"0":0,"1":0,"2":0,"3":0,"4":0,"5":0,"6":0},"f":{},"b":{}}
,"C:\\CODERHOUSE\\CODERHOUSE2\\32195_BACKEND\\DESAFIOS\\Backend_coderhouse\\DESAFIO19_Reformar_para_usar_otro_framework_Nest\\src\\app.service.ts": {"path":"C:\\CODERHOUSE\\CODERHOUSE2\\32195_BACKEND\\DESAFIOS\\Backend_coderhouse\\DESAFIO19_Reformar_para_usar_otro_framework_Nest\\src\\app.service.ts","statementMap":{"0":{"start":{"line":1,"column":0},"end":{"line":1,"column":44}},"1":{"start":{"line":4,"column":0},"end":{"line":8,"column":null}},"2":{"start":{"line":6,"column":4},"end":{"line":6,"column":33}},"3":{"start":{"line":4,"column":13},"end":{"line":8,"column":null}},"4":{"start":{"line":4,"column":13},"end":{"line":4,"column":23}}},"fnMap":{"0":{"name":"(anonymous_1)","decl":{"start":{"line":5,"column":2},"end":{"line":5,"column":10}},"loc":{"start":{"line":5,"column":10},"end":{"line":7,"column":3}}}},"branchMap":{},"s":{"0":1,"1":1,"2":1,"3":1,"4":1},"f":{"0":1},"b":{}}
,"C:\\CODERHOUSE\\CODERHOUSE2\\32195_BACKEND\\DESAFIOS\\Backend_coderhouse\\DESAFIO19_Reformar_para_usar_otro_framework_Nest\\src\\main.ts": {"path":"C:\\CODERHOUSE\\CODERHOUSE2\\32195_BACKEND\\DESAFIOS\\Backend_coderhouse\\DESAFIO19_Reformar_para_usar_otro_framework_Nest\\src\\main.ts","statementMap":{"0":{"start":{"line":1,"column":0},"end":{"line":1,"column":43}},"1":{"start":{"line":2,"column":0},"end":{"line":2,"column":41}},"2":{"start":{"line":5,"column":14},"end":{"line":5,"column":49}},"3":{"start":{"line":6,"column":2},"end":{"line":6,"column":25}},"4":{"start":{"line":8,"column":0},"end":{"line":8,"column":12}}},"fnMap":{"0":{"name":"bootstrap","decl":{"start":{"line":4,"column":15},"end":{"line":4,"column":24}},"loc":{"start":{"line":4,"column":24},"end":{"line":7,"column":1}}}},"branchMap":{},"s":{"0":0,"1":0,"2":0,"3":0,"4":0},"f":{"0":0},"b":{}}
,"C:\\CODERHOUSE\\CODERHOUSE2\\32195_BACKEND\\DESAFIOS\\Backend_coderhouse\\DESAFIO19_Reformar_para_usar_otro_framework_Nest\\src\\productos\\productos.controller.ts": {"path":"C:\\CODERHOUSE\\CODERHOUSE2\\32195_BACKEND\\DESAFIOS\\Backend_coderhouse\\DESAFIO19_Reformar_para_usar_otro_framework_Nest\\src\\productos\\productos.controller.ts","statementMap":{"0":{"start":{"line":1,"column":0},"end":{"line":1,"column":79}},"1":{"start":{"line":2,"column":0},"end":{"line":2,"column":48}},"2":{"start":{"line":4,"column":0},"end":{"line":4,"column":55}},"3":{"start":{"line":7,"column":0},"end":{"line":34,"column":null}},"4":{"start":{"line":10,"column":31},"end":{"line":10,"column":48}},"5":{"start":{"line":15,"column":4},"end":{"line":15,"column":null}},"6":{"start":{"line":20,"column":4},"end":{"line":20,"column":42}},"7":{"start":{"line":25,"column":4},"end":{"line":25,"column":42}},"8":{"start":{"line":32,"column":4},"end":{"line":32,"column":null}},"9":{"start":{"line":13,"column":2},"end":{"line":16,"column":null}},"10":{"start":{"line":19,"column":2},"end":{"line":21,"column":null}},"11":{"start":{"line":24,"column":2},"end":{"line":26,"column":null}},"12":{"start":{"line":31,"column":2},"end":{"line":33,"column":null}},"13":{"start":{"line":7,"column":13},"end":{"line":34,"column":null}},"14":{"start":{"line":7,"column":13},"end":{"line":7,"column":32}}},"fnMap":{"0":{"name":"(anonymous_4)","decl":{"start":{"line":10,"column":2},"end":{"line":10,"column":31}},"loc":{"start":{"line":10,"column":64},"end":{"line":10,"column":67}}},"1":{"name":"(anonymous_5)","decl":{"start":{"line":13,"column":2},"end":{"line":13,"column":7}},"loc":{"start":{"line":13,"column":46},"end":{"line":16,"column":3}}},"2":{"name":"(anonymous_6)","decl":{"start":{"line":19,"column":2},"end":{"line":19,"column":7}},"loc":{"start":{"line":19,"column":14},"end":{"line":21,"column":3}}},"3":{"name":"(anonymous_7)","decl":{"start":{"line":24,"column":2},"end":{"line":24,"column":7}},"loc":{"start":{"line":24,"column":14},"end":{"line":26,"column":3}}},"4":{"name":"(anonymous_8)","decl":{"start":{"line":31,"column":2},"end":{"line":31,"column":7}},"loc":{"start":{"line":31,"column":71},"end":{"line":33,"column":3}}}},"branchMap":{},"s":{"0":1,"1":1,"2":1,"3":1,"4":0,"5":0,"6":0,"7":0,"8":0,"9":1,"10":1,"11":1,"12":1,"13":1,"14":1},"f":{"0":0,"1":0,"2":0,"3":0,"4":0},"b":{}}
,"C:\\CODERHOUSE\\CODERHOUSE2\\32195_BACKEND\\DESAFIOS\\Backend_coderhouse\\DESAFIO19_Reformar_para_usar_otro_framework_Nest\\src\\productos\\productos.module.ts": {"path":"C:\\CODERHOUSE\\CODERHOUSE2\\32195_BACKEND\\DESAFIOS\\Backend_coderhouse\\DESAFIO19_Reformar_para_usar_otro_framework_Nest\\src\\productos\\productos.module.ts","statementMap":{"0":{"start":{"line":1,"column":0},"end":{"line":1,"column":40}},"1":{"start":{"line":2,"column":0},"end":{"line":2,"column":61}},"2":{"start":{"line":3,"column":0},"end":{"line":3,"column":55}},"3":{"start":{"line":9,"column":0},"end":{"line":9,"column":null}},"4":{"start":{"line":9,"column":13},"end":{"line":9,"column":null}},"5":{"start":{"line":9,"column":13},"end":{"line":9,"column":28}}},"fnMap":{},"branchMap":{},"s":{"0":0,"1":0,"2":0,"3":0,"4":0,"5":0},"f":{},"b":{}}
,"C:\\CODERHOUSE\\CODERHOUSE2\\32195_BACKEND\\DESAFIOS\\Backend_coderhouse\\DESAFIO19_Reformar_para_usar_otro_framework_Nest\\src\\productos\\productos.service.ts": {"path":"C:\\CODERHOUSE\\CODERHOUSE2\\32195_BACKEND\\DESAFIOS\\Backend_coderhouse\\DESAFIO19_Reformar_para_usar_otro_framework_Nest\\src\\productos\\productos.service.ts","statementMap":{"0":{"start":{"line":1,"column":0},"end":{"line":1,"column":44}},"1":{"start":{"line":5,"column":0},"end":{"line":46,"column":null}},"2":{"start":{"line":10,"column":17},"end":{"line":10,"column":42}},"3":{"start":{"line":15,"column":4},"end":{"line":15,"column":25}},"4":{"start":{"line":20,"column":13},"end":{"line":20,"column":37}},"5":{"start":{"line":21,"column":21},"end":{"line":21,"column":45}},"6":{"start":{"line":22,"column":4},"end":{"line":22,"column":38}},"7":{"start":{"line":26,"column":27},"end":{"line":26,"column":40}},"8":{"start":{"line":27,"column":4},"end":{"line":27,"column":56}},"9":{"start":{"line":28,"column":4},"end":{"line":28,"column":25}},"10":{"start":{"line":37,"column":23},"end":{"line":37,"column":88}},"11":{"start":{"line":37,"column":59},"end":{"line":37,"column":86}},"12":{"start":{"line":40,"column":22},"end":{"line":40,"column":58}},"13":{"start":{"line":42,"column":4},"end":{"line":42,"column":49}},"14":{"start":{"line":44,"column":4},"end":{"line":44,"column":25}},"15":{"start":{"line":5,"column":13},"end":{"line":46,"column":null}},"16":{"start":{"line":5,"column":13},"end":{"line":5,"column":29}}},"fnMap":{"0":{"name":"(anonymous_1)","decl":{"start":{"line":5,"column":0},"end":{"line":5,"column":13}},"loc":{"start":{"line":5,"column":0},"end":{"line":46,"column":1}}},"1":{"name":"(anonymous_2)","decl":{"start":{"line":14,"column":2},"end":{"line":14,"column":8}},"loc":{"start":{"line":14,"column":8},"end":{"line":16,"column":3}}},"2":{"name":"(anonymous_3)","decl":{"start":{"line":19,"column":2},"end":{"line":19,"column":6}},"loc":{"start":{"line":19,"column":24},"end":{"line":23,"column":3}}},"3":{"name":"(anonymous_4)","decl":{"start":{"line":25,"column":2},"end":{"line":25,"column":8}},"loc":{"start":{"line":25,"column":8},"end":{"line":29,"column":3}}},"4":{"name":"(anonymous_5)","decl":{"start":{"line":34,"column":2},"end":{"line":34,"column":8}},"loc":{"start":{"line":34,"column":30},"end":{"line":45,"column":3}}},"5":{"name":"(anonymous_6)","decl":{"start":{"line":37,"column":48},"end":{"line":37,"column":55}},"loc":{"start":{"line":37,"column":59},"end":{"line":37,"column":86}}}},"branchMap":{},"s":{"0":2,"1":2,"2":1,"3":0,"4":0,"5":0,"6":0,"7":0,"8":0,"9":0,"10":0,"11":0,"12":0,"13":0,"14":0,"15":2,"16":2},"f":{"0":1,"1":0,"2":0,"3":0,"4":0,"5":0},"b":{}}
,"C:\\CODERHOUSE\\CODERHOUSE2\\32195_BACKEND\\DESAFIOS\\Backend_coderhouse\\DESAFIO19_Reformar_para_usar_otro_framework_Nest\\src\\productos\\dto\\producto.dto.ts": {"path":"C:\\CODERHOUSE\\CODERHOUSE2\\32195_BACKEND\\DESAFIOS\\Backend_coderhouse\\DESAFIO19_Reformar_para_usar_otro_framework_Nest\\src\\productos\\dto\\producto.dto.ts","statementMap":{"0":{"start":{"line":2,"column":0},"end":{"line":2,"column":13}}},"fnMap":{},"branchMap":{},"s":{"0":2},"f":{},"b":{}}
}
